#
# There is insufficient memory for the Java Runtime Environment to continue.
# Native memory allocation (malloc) failed to allocate 1048576 bytes for AllocateHeap
# Possible reasons:
#   The system is out of physical RAM or swap space
#   In 32 bit mode, the process size limit was hit
# Possible solutions:
#   Reduce memory load on the system
#   Increase physical memory or swap space
#   Check if swap backing store is full
#   Use 64 bit Java on a 64 bit OS
#   Decrease Java heap size (-Xmx/-Xms)
#   Decrease number of Java threads
#   Decrease Java thread stack sizes (-Xss)
#   Set larger code cache with -XX:ReservedCodeCacheSize=
# This output file may be truncated or incomplete.
#
#  Out of Memory Error (memory/allocation.inline.hpp:61), pid=15712, tid=15540
#
# JRE version:  (7.0_60-b15) (build )
# Java VM: Java HotSpot(TM) 64-Bit Server VM (24.60-b09 mixed mode windows-amd64 compressed oops)
# Failed to write core dump. Minidumps are not enabled by default on client versions of Windows
#

---------------  T H R E A D  ---------------

Current thread (0x00000000024fd800):  JavaThread "Unknown thread" [_thread_in_vm, id=15540, stack(0x00000000026f0000,0x00000000027f0000)]

Stack: [0x00000000026f0000,0x00000000027f0000]
[error occurred during error reporting (printing stack bounds), id 0xc0000005]


---------------  P R O C E S S  ---------------

Java Threads: ( => current thread )

Other Threads:

=>0x00000000024fd800 (exited) JavaThread "Unknown thread" [_thread_in_vm, id=15540, stack(0x00000000026f0000,0x00000000027f0000)]

VM state:not at safepoint (normal execution)

VM Mutex/Monitor currently owned by a thread: None

Heap
 PSYoungGen      total 37888K, used 655K [0x00000007d5f00000, 0x00000007d8900000, 0x0000000800000000)
  eden space 32768K, 2% used [0x00000007d5f00000,0x00000007d5fa3de0,0x00000007d7f00000)
  from space 5120K, 0% used [0x00000007d8400000,0x00000007d8400000,0x00000007d8900000)
  to   space 5120K, 0% used [0x00000007d7f00000,0x00000007d7f00000,0x00000007d8400000)
 ParOldGen       total 86016K, used 0K [0x0000000781e00000, 0x0000000787200000, 0x00000007d5f00000)
  object space 86016K, 0% used [0x0000000781e00000,0x0000000781e00000,0x0000000787200000)
 PSPermGen       total 21504K, used 694K [0x000000077cc00000, 0x000000077e100000, 0x0000000781e00000)
  object space 21504K, 3% used [0x000000077cc00000,0x000000077ccad928,0x000000077e100000)

Card table byte_map: [0x00000000057f0000,0x0000000005c10000] byte_map_base: 0x0000000001c0a000

Polling page: 0x0000000001c50000

Code Cache  [0x00000000027f0000, 0x0000000002a60000, 0x00000000057f0000)
 total_blobs=37 nmethods=0 adapters=20 free_code_cache=48890Kb largest_free_block=50063104

Compilation events (0 events):
No events

GC Heap History (0 events):
No events

Deoptimization events (0 events):
No events

Internal exceptions (0 events):
No events

Events (10 events):
Event: 0.026 loading class 0x00000000023cc760
Event: 0.027 loading class 0x00000000023cc760 done
Event: 0.027 loading class 0x00000000023cc7b0
Event: 0.027 loading class 0x00000000023cc7b0 done
Event: 0.027 loading class 0x00000000023cc800
Event: 0.027 loading class 0x00000000023cc800 done
Event: 0.028 loading class 0x00000000023cd560
Event: 0.028 loading class 0x00000000023cd560 done
Event: 0.028 loading class 0x00000000023cd180
Event: 0.028 loading class 0x00000000023cd180 done


Dynamic libraries:
0x000000013f160000 - 0x000000013f193000 	C:\Program Files\Java\jdk1.7.0_60\bin\javaw.exe
0x0000000077820000 - 0x00000000779cb000 	C:\Windows\SYSTEM32\ntdll.dll
0x0000000077600000 - 0x000000007771f000 	C:\Windows\system32\kernel32.dll
0x000007fefdac0000 - 0x000007fefdb2b000 	C:\Windows\system32\KERNELBASE.dll
0x000007feff110000 - 0x000007feff1eb000 	C:\Windows\system32\ADVAPI32.dll
0x000007feff830000 - 0x000007feff8cf000 	C:\Windows\system32\msvcrt.dll
0x000007fefec70000 - 0x000007fefec8f000 	C:\Windows\SYSTEM32\sechost.dll
0x000007fefdb50000 - 0x000007fefdc7e000 	C:\Windows\system32\RPCRT4.dll
0x0000000077720000 - 0x000000007781a000 	C:\Windows\system32\USER32.dll
0x000007feff5a0000 - 0x000007feff607000 	C:\Windows\system32\GDI32.dll
0x000007feff630000 - 0x000007feff63e000 	C:\Windows\system32\LPK.dll
0x000007feff4d0000 - 0x000007feff59a000 	C:\Windows\system32\USP10.dll
0x000007fefc260000 - 0x000007fefc454000 	C:\Windows\WinSxS\amd64_microsoft.windows.common-controls_6595b64144ccf1df_6.0.7600.16385_none_fa645303170382f6\COMCTL32.dll
0x000007feff8d0000 - 0x000007feff941000 	C:\Windows\system32\SHLWAPI.dll
0x000007feff400000 - 0x000007feff42e000 	C:\Windows\system32\IMM32.DLL
0x000007feff720000 - 0x000007feff829000 	C:\Windows\system32\MSCTF.dll
0x0000000073f30000 - 0x0000000074002000 	C:\Program Files\Java\jdk1.7.0_60\jre\bin\msvcr100.dll
0x000000006ba00000 - 0x000000006c1d2000 	C:\Program Files\Java\jdk1.7.0_60\jre\bin\server\jvm.dll
0x000007fefad70000 - 0x000007fefad79000 	C:\Windows\system32\WSOCK32.dll
0x000007fefdc80000 - 0x000007fefdccd000 	C:\Windows\system32\WS2_32.dll
0x000007feff710000 - 0x000007feff718000 	C:\Windows\system32\NSI.dll
0x000007fef09d0000 - 0x000007fef0a0b000 	C:\Windows\system32\WINMM.dll
0x00000000779e0000 - 0x00000000779e7000 	C:\Windows\system32\PSAPI.DLL
0x0000000074790000 - 0x000000007479f000 	C:\Program Files\Java\jdk1.7.0_60\jre\bin\verify.dll
0x00000000740c0000 - 0x00000000740e8000 	C:\Program Files\Java\jdk1.7.0_60\jre\bin\java.dll
0x00000000740a0000 - 0x00000000740b5000 	C:\Program Files\Java\jdk1.7.0_60\jre\bin\zip.dll

VM Arguments:
jvm_args: -Dfile.encoding=UTF-8 
java_command: com.invoice.view.MainView2
Launcher Type: SUN_STANDARD

Environment Variables:
PATH=C:\oraclexe\app\oracle\product\11.2.0\server\bin;;C:\Windows\system32;C:\Windows;C:\Windows\System32\Wbem;C:\Windows\System32\WindowsPowerShell\v1.0\;C:\Program Files (x86)\Intel\OpenCL SDK\2.0\bin\x86;C:\Program Files (x86)\Intel\OpenCL SDK\2.0\bin\x64;C:\Program Files\Java\jdk1.7.0_60\bin;C:\mysql-5.6.21-winx64\bin;C:\Program Files (x86)\MySQL\MySQL Utilities 1.4\;C:\Program Files (x86)\MySQL\MySQL Utilities 1.4\Doctrine extensions for PHP\
USERNAME=dev
OS=Windows_NT
PROCESSOR_IDENTIFIER=Intel64 Family 6 Model 58 Stepping 9, GenuineIntel



---------------  S Y S T E M  ---------------

OS: Windows 7 , 64 bit Build 7600 

CPU:total 4 (2 cores per cpu, 2 threads per core) family 6 model 58 stepping 9, cmov, cx8, fxsr, mmx, sse, sse2, sse3, ssse3, sse4.1, sse4.2, popcnt, aes, erms, ht, tsc, tscinvbit, tscinv

Memory: 4k page, physical 8260972k(904188k free), swap 33018112k(24000k free)

vm_info: Java HotSpot(TM) 64-Bit Server VM (24.60-b09) for windows-amd64 JRE (1.7.0_60-ea-b15), built on Apr 16 2014 17:10:37 by "java_re" with unknown MS VC++:1600

time: Thu Nov 20 13:11:05 2014
elapsed time: 0 seconds

